<?xml version="1.0" encoding="UTF-8"?>
<testng-results skipped="0" failed="0" ignored="0" total="1" passed="1">
  <reporter-output>
  </reporter-output>
  <suite name="Default suite" duration-ms="9929" started-at="2017-06-09T08:43:26Z" finished-at="2017-06-09T08:43:36Z">
    <groups>
    </groups>
    <test name="Default test" duration-ms="9929" started-at="2017-06-09T08:43:26Z" finished-at="2017-06-09T08:43:36Z">
      <class name="AppTest">
        <test-method status="PASS" signature="test1()[pri:0, instance:AppTest@475530b9]" name="test1" duration-ms="9915" started-at="2017-06-09T14:13:26Z" finished-at="2017-06-09T14:13:36Z">
          <reporter-output>
          </reporter-output>
        </test-method> <!-- test1 -->
      </class> <!-- AppTest -->
    </test> <!-- Default test -->
  </suite> <!-- Default suite -->
</testng-results>
